ScoreboardEssential/wear/build/intermediates/manifest_merge_blame_file/debug/manifest-merger-blame-debug-report.txt
1<?xml version="1.0" encoding="utf-8"?>
2<manifest xmlns:android="http://schemas.android.com/apk/res/android"
3    package="com.example.scoreboardessential"
4    android:versionCode="1"
5    android:versionName="1.0" >
6
7    <uses-sdk
8        android:minSdkVersion="30"
8-->src/main/AndroidManifest.xml
9        android:targetSdkVersion="33" />
9-->src/main/AndroidManifest.xml
10
11    <uses-permission android:name="android.permission.WAKE_LOCK" />
11-->src/main/AndroidManifest.xml:4:5-68
11-->src/main/AndroidManifest.xml:4:22-65
12
13    <uses-feature android:name="android.hardware.type.watch" />
13-->src/main/AndroidManifest.xml:6:5-64
13-->src/main/AndroidManifest.xml:6:19-61
14
15    <application
15-->src/main/AndroidManifest.xml:8:5-36:19
16        android:allowBackup="true"
16-->src/main/AndroidManifest.xml:9:9-35
17        android:appComponentFactory="androidx.core.app.CoreComponentFactory"
17-->[androidx.core:core:1.7.0] AndroidManifest.xml:24:18-86
18        android:debuggable="true"
19        android:extractNativeLibs="false"
20        android:icon="@mipmap/ic_launcher"
20-->src/main/AndroidManifest.xml:10:9-43
21        android:label="@string/app_name"
21-->src/main/AndroidManifest.xml:11:9-41
22        android:supportsRtl="true"
22-->src/main/AndroidManifest.xml:12:9-35
23        android:theme="@android:style/Theme.DeviceDefault" >
23-->src/main/AndroidManifest.xml:13:9-59
24        <uses-library
24-->src/main/AndroidManifest.xml:14:9-16:39
25            android:name="com.google.android.wearable"
25-->src/main/AndroidManifest.xml:15:13-55
26            android:required="true" />
26-->src/main/AndroidManifest.xml:16:13-36
27
28        <!--
29               Set to true if your app is Standalone, that is, it does not require the handheld
30               app to run.
31        -->
32        <meta-data
32-->src/main/AndroidManifest.xml:22:9-24:36
33            android:name="com.google.android.wearable.standalone"
33-->src/main/AndroidManifest.xml:23:13-66
34            android:value="true" />
34-->src/main/AndroidManifest.xml:24:13-33
35
36        <activity
36-->src/main/AndroidManifest.xml:26:9-35:20
37            android:name="com.example.scoreboardessential.MainActivity"
37-->src/main/AndroidManifest.xml:27:13-41
38            android:exported="true"
38-->src/main/AndroidManifest.xml:28:13-36
39            android:label="@string/app_name" >
39-->src/main/AndroidManifest.xml:29:13-45
40            <intent-filter>
40-->src/main/AndroidManifest.xml:30:13-34:29
41                <action android:name="android.intent.action.MAIN" />
41-->src/main/AndroidManifest.xml:31:17-69
41-->src/main/AndroidManifest.xml:31:25-66
42
43                <category android:name="android.intent.category.LAUNCHER" />
43-->src/main/AndroidManifest.xml:33:17-77
43-->src/main/AndroidManifest.xml:33:27-74
44            </intent-filter>
45        </activity>
46        <activity
46-->[com.google.android.gms:play-services-base:17.5.0] AndroidManifest.xml:23:9-26:75
47            android:name="com.google.android.gms.common.api.GoogleApiActivity"
47-->[com.google.android.gms:play-services-base:17.5.0] AndroidManifest.xml:24:13-79
48            android:exported="false"
48-->[com.google.android.gms:play-services-base:17.5.0] AndroidManifest.xml:25:13-37
49            android:theme="@android:style/Theme.Translucent.NoTitleBar" />
49-->[com.google.android.gms:play-services-base:17.5.0] AndroidManifest.xml:26:13-72
50
51        <meta-data
51-->[com.google.android.gms:play-services-basement:17.5.0] AndroidManifest.xml:23:9-25:69
52            android:name="com.google.android.gms.version"
52-->[com.google.android.gms:play-services-basement:17.5.0] AndroidManifest.xml:24:13-58
53            android:value="@integer/google_play_services_version" />
53-->[com.google.android.gms:play-services-basement:17.5.0] AndroidManifest.xml:25:13-66
54    </application>
55
56</manifest>